-------------------------------------------------------------------------------
Test set: tn.esprit.patient.service.PredictServiceClientTest
-------------------------------------------------------------------------------
Tests run: 6, Failures: 0, Errors: 2, Skipped: 0, Time elapsed: 0.322 s <<< FAILURE! -- in tn.esprit.patient.service.PredictServiceClientTest
tn.esprit.patient.service.PredictServiceClientTest.testDiseaseNormalizationBranches -- Time elapsed: 0.011 s <<< ERROR!
java.lang.UnsupportedOperationException
	at java.base/java.util.ImmutableCollections.uoe(ImmutableCollections.java:142)
	at java.base/java.util.ImmutableCollections$AbstractImmutableList.sort(ImmutableCollections.java:261)
	at tn.esprit.patient.service.PredictServiceClient.extractDiseaseInfo(PredictServiceClient.java:139)
	at tn.esprit.patient.service.PredictServiceClient.buildRequestPayload(PredictServiceClient.java:115)
	at tn.esprit.patient.service.PredictServiceClient.predictRisk(PredictServiceClient.java:56)
	at tn.esprit.patient.service.PredictServiceClientTest.testDiseaseNormalizationBranches(PredictServiceClientTest.java:205)
	at java.base/java.lang.reflect.Method.invoke(Method.java:568)
	at java.base/java.util.ArrayList.forEach(ArrayList.java:1511)
	at java.base/java.util.ArrayList.forEach(ArrayList.java:1511)

tn.esprit.patient.service.PredictServiceClientTest.testFallbackRuleBasedRiskGrave -- Time elapsed: 0.005 s <<< ERROR!
java.lang.UnsupportedOperationException
	at java.base/java.util.ImmutableCollections.uoe(ImmutableCollections.java:142)
	at java.base/java.util.ImmutableCollections$AbstractImmutableList.sort(ImmutableCollections.java:261)
	at tn.esprit.patient.service.PredictServiceClient.extractDiseaseInfo(PredictServiceClient.java:139)
	at tn.esprit.patient.service.PredictServiceClient.buildRequestPayload(PredictServiceClient.java:115)
	at tn.esprit.patient.service.PredictServiceClient.predictRisk(PredictServiceClient.java:56)
	at tn.esprit.patient.service.PredictServiceClientTest.testFallbackRuleBasedRiskGrave(PredictServiceClientTest.java:133)
	at java.base/java.lang.reflect.Method.invoke(Method.java:568)
	at java.base/java.util.ArrayList.forEach(ArrayList.java:1511)
	at java.base/java.util.ArrayList.forEach(ArrayList.java:1511)

